Arguments: 
  /Users/dominikdewitz/.nvm/versions/node/v14.17.5/bin/node /Users/dominikdewitz/.yarn/bin/yarn.js publish

PATH: 
  /Users/dominikdewitz/.yarn/bin:/Users/dominikdewitz/.config/yarn/global/node_modules/.bin:/Users/dominikdewitz/.nvm/versions/node/v14.17.5/bin:/Users/dominikdewitz/.rbenv/shims:/opt/homebrew/bin:/opt/homebrew/sbin:/usr/local/bin:/usr/bin:/bin:/usr/sbin:/sbin:/usr/local/MacGPG2/bin:/Library/Apple/usr/bin:/Applications/Visual Studio Code.app/Contents/Resources/app/bin

Yarn version: 
  1.22.17

Node version: 
  14.17.5

Platform: 
  darwin arm64

Trace: 
  Error: canceled
      at Interface.<anonymous> (/Users/dominikdewitz/.yarn/lib/cli.js:137143:13)
      at Interface.emit (events.js:400:28)
      at Interface._ttyWrite (readline.js:910:16)
      at ReadStream.onkeypress (readline.js:235:10)
      at ReadStream.emit (events.js:400:28)
      at emitKeys (internal/readline/utils.js:358:14)
      at emitKeys.next (<anonymous>)
      at ReadStream.onData (readline.js:1179:36)
      at ReadStream.emit (events.js:400:28)
      at addChunk (internal/streams/readable.js:290:12)

npm manifest: 
  {
    "name": "strapi-plugin-fuzzy-search",
    "version": "0.0.1",
    "description": "A plugin for Strapi Headless CMS that provides the ability to add a weighted fuzzy search to any content type.",
    "strapi": {
      "displayName": "Fuzzy Search",
      "name": "fuzzy-search",
      "description": "A plugin for Strapi Headless CMS that provides the ability to add a weighted fuzzy search to any content type.",
      "kind": "plugin"
    },
    "dependencies": {
      "fuzzysort": "^1.2.1"
    },
    "peerDependencies": {
      "@strapi/strapi": "^4.0.8",
      "@strapi/utils": "^4.0.8",
      "lodash": "^4.17.21",
      "yup": "^0.32.9"
    },
    "author": "@DomDew (https://github.com/DomDew)",
    "maintainers": [
      "@DomDew (https://github.com/DomDew)",
      "@wfproductions (https://github.com/wfproductions)"
    ],
    "engines": {
      "node": ">=12.x.x <=16.x.x",
      "npm": ">=6.0.0"
    },
    "license": "MIT",
    "main": "strapi-server.js",
    "devDependencies": {},
    "scripts": {
      "test": "echo \"Error: no test specified\" && exit 1"
    },
    "repository": {
      "type": "git",
      "url": "git+https://github.com/DomDew/strapi-plugin-fuzzy-search.git"
    },
    "keywords": [
      "strapi",
      "fuzzysort",
      "fuzzysearch",
      "search"
    ],
    "bugs": {
      "url": "https://github.com/DomDew/strapi-plugin-fuzzy-search/issues"
    },
    "homepage": "https://github.com/DomDew/strapi-plugin-fuzzy-search#readme"
  }

yarn manifest: 
  No manifest

Lockfile: 
  # THIS IS AN AUTOGENERATED FILE. DO NOT EDIT THIS FILE DIRECTLY.
  # yarn lockfile v1
  
  
  fuzzysort@^1.2.1:
    version "1.2.1"
    resolved "https://registry.yarnpkg.com/fuzzysort/-/fuzzysort-1.2.1.tgz#ea23d3c4d7726422888f538044fcea265644d54c"
    integrity sha512-egTSF3U6H6T9tXtAhEm5P5guSSDjd96/NUWrbmoGlIu3ATMdXra13gwQdEFRY6ehsFe8xec7UnQz+k34CGWCIg==
